2021-02-23 10:35:20.673578 >>> {command: get_health}
2021-02-23 10:35:20.743890 <<< {isError: false, response: {status: ok}, type: _extensionType, method: ext.flutter.driver}
2021-02-23 10:35:21.825066 >>> {command: tap, finderType: ByValueKey, keyValueString: btnSplash, keyValueType: String}
2021-02-23 10:35:21.895098 <<< {isError: false, response: {}, type: _extensionType, method: ext.flutter.driver}
2021-02-23 11:13:22.184682 >>> {command: get_health}
2021-02-23 11:13:23.989356 <<< {isError: false, response: {status: ok}, type: _extensionType, method: ext.flutter.driver}
2021-02-23 11:13:24.049889 >>> {command: get_text, finderType: ByValueKey, keyValueString: txtSplash, keyValueType: String}
2021-02-23 11:13:24.284602 <<< {isError: false, response: {text: Shoppers Store}, type: _extensionType, method: ext.flutter.driver}
2021-02-23 11:13:24.310843 >>> {command: get_text, finderType: ByValueKey, keyValueString: txtSplash, keyValueType: String}
2021-02-23 11:13:24.387786 <<< {isError: false, response: {text: Shoppers Store}, type: _extensionType, method: ext.flutter.driver}
2021-02-23 11:13:24.459699 >>> {command: tap, finderType: ByValueKey, keyValueString: btnSplash, keyValueType: String}
2021-02-23 11:13:24.702587 <<< {isError: false, response: {}, type: _extensionType, method: ext.flutter.driver}
2021-02-23 11:15:18.608566 >>> {command: get_health}
2021-02-23 11:15:20.378658 <<< {isError: false, response: {status: ok}, type: _extensionType, method: ext.flutter.driver}
2021-02-23 11:15:23.451277 >>> {command: get_text, finderType: ByValueKey, keyValueString: txtSplash, keyValueType: String}
2021-02-23 11:15:23.571048 <<< {isError: false, response: {text: Shoppers Store}, type: _extensionType, method: ext.flutter.driver}
2021-02-23 11:15:23.587071 >>> {command: get_text, finderType: ByValueKey, keyValueString: txtSplash, keyValueType: String}
2021-02-23 11:15:23.625218 <<< {isError: false, response: {text: Shoppers Store}, type: _extensionType, method: ext.flutter.driver}
2021-02-23 11:15:23.660130 >>> {command: tap, finderType: ByValueKey, keyValueString: btnSplash, keyValueType: String}
2021-02-23 11:15:23.853266 <<< {isError: false, response: {}, type: _extensionType, method: ext.flutter.driver}
2021-02-23 12:02:27.087718 >>> {command: get_health}
2021-02-23 12:02:28.868737 <<< {isError: false, response: {status: ok}, type: _extensionType, method: ext.flutter.driver}
2021-02-23 12:02:31.932524 >>> {command: get_text, finderType: ByValueKey, keyValueString: txtSplash, keyValueType: String}
2021-02-23 12:02:32.090762 <<< {isError: false, response: {text: Shoppers Store}, type: _extensionType, method: ext.flutter.driver}
2021-02-23 12:02:32.109013 >>> {command: get_text, finderType: ByValueKey, keyValueString: txtSplash, keyValueType: String}
2021-02-23 12:02:32.140742 <<< {isError: false, response: {text: Shoppers Store}, type: _extensionType, method: ext.flutter.driver}
2021-02-23 12:02:35.177368 >>> {command: get_text, finderType: ByValueKey, keyValueString: subTxtSplash, keyValueType: String}
2021-02-23 12:02:35.285647 <<< {isError: false, response: {text: Welcome to Shoppers Store, Let’s shop!}, type: _extensionType, method: ext.flutter.driver}
2021-02-23 12:02:35.309377 >>> {command: get_text, finderType: ByValueKey, keyValueString: subTxtSplash, keyValueType: String}
2021-02-23 12:02:35.346214 <<< {isError: false, response: {text: Welcome to Shoppers Store, Let’s shop!}, type: _extensionType, method: ext.flutter.driver}
2021-02-23 12:02:38.376616 >>> {command: waitFor, finderType: ByValueKey, keyValueString: subTxtSplash, keyValueType: String}
2021-02-23 12:02:38.443600 <<< {isError: false, response: {}, type: _extensionType, method: ext.flutter.driver}
2021-02-23 12:02:38.920697 >>> {command: scrollIntoView, finderType: ByValueKey, keyValueString: subTxtSplash, keyValueType: String, alignment: 0.0}
2021-02-23 12:02:39.202540 <<< {isError: false, response: {}, type: _extensionType, method: ext.flutter.driver}
2021-02-23 12:02:39.245465 >>> {command: get_text, finderType: ByValueKey, keyValueString: subTxtSplash, keyValueType: String}
2021-02-23 12:02:39.893095 <<< {isError: false, response: {text: Welcome to Shoppers Store, Let’s shop!}, type: _extensionType, method: ext.flutter.driver}
2021-02-23 12:02:42.991186 >>> {command: waitFor, finderType: ByValueKey, keyValueString: subTxtSplash, keyValueType: String}
2021-02-23 12:02:43.044861 <<< {isError: false, response: {}, type: _extensionType, method: ext.flutter.driver}
2021-02-23 12:02:43.530266 >>> {command: scrollIntoView, finderType: ByValueKey, keyValueString: subTxtSplash, keyValueType: String, alignment: 0.0}
2021-02-23 12:02:43.704078 <<< {isError: false, response: {}, type: _extensionType, method: ext.flutter.driver}
2021-02-23 12:02:43.726926 >>> {command: get_text, finderType: ByValueKey, keyValueString: subTxtSplash, keyValueType: String}
2021-02-23 12:02:44.351007 <<< {isError: false, response: {text: Welcome to Shoppers Store, Let’s shop!}, type: _extensionType, method: ext.flutter.driver}
2021-02-23 12:02:44.446905 >>> {command: tap, finderType: ByValueKey, keyValueString: btnSplash, keyValueType: String}
2021-02-23 12:02:44.688730 <<< {isError: false, response: {}, type: _extensionType, method: ext.flutter.driver}
2021-02-23 12:05:18.887718 >>> {command: get_health}
2021-02-23 12:05:20.591136 <<< {isError: false, response: {status: ok}, type: _extensionType, method: ext.flutter.driver}
2021-02-23 12:05:23.650188 >>> {command: get_text, finderType: ByValueKey, keyValueString: txtSplash, keyValueType: String}
2021-02-23 12:05:23.762662 <<< {isError: false, response: {text: Shoppers Store}, type: _extensionType, method: ext.flutter.driver}
2021-02-23 12:05:23.780843 >>> {command: get_text, finderType: ByValueKey, keyValueString: txtSplash, keyValueType: String}
2021-02-23 12:05:23.813552 <<< {isError: false, response: {text: Shoppers Store}, type: _extensionType, method: ext.flutter.driver}
2021-02-23 12:05:26.856465 >>> {command: get_text, finderType: ByValueKey, keyValueString: subTxtSplash, keyValueType: String}
2021-02-23 12:05:26.989837 <<< {isError: false, response: {text: Welcome to Shoppers Store, Let’s shop!}, type: _extensionType, method: ext.flutter.driver}
2021-02-23 12:05:27.013898 >>> {command: get_text, finderType: ByValueKey, keyValueString: subTxtSplash, keyValueType: String}
2021-02-23 12:05:27.094277 <<< {isError: false, response: {text: Welcome to Shoppers Store, Let’s shop!}, type: _extensionType, method: ext.flutter.driver}
2021-02-23 12:05:30.125769 >>> {command: waitFor, finderType: ByValueKey, keyValueString: subTxtSplash, keyValueType: String}
2021-02-23 12:05:30.234795 <<< {isError: false, response: {}, type: _extensionType, method: ext.flutter.driver}
2021-02-23 12:05:30.713528 >>> {command: scrollIntoView, finderType: ByValueKey, keyValueString: subTxtSplash, keyValueType: String, alignment: 0.0}
2021-02-23 12:05:30.988744 <<< {isError: false, response: {}, type: _extensionType, method: ext.flutter.driver}
2021-02-23 12:05:31.083418 >>> {command: get_text, finderType: ByValueKey, keyValueString: subTxtSplash, keyValueType: String}
2021-02-23 12:05:31.707777 <<< {isError: false, response: {text: Welcome to Shoppers Store, Let’s shop!}, type: _extensionType, method: ext.flutter.driver}
2021-02-23 12:05:34.774050 >>> {command: waitFor, finderType: ByValueKey, keyValueString: subTxtSplash, keyValueType: String}
2021-02-23 12:05:34.876381 <<< {isError: false, response: {}, type: _extensionType, method: ext.flutter.driver}
2021-02-23 12:05:35.360117 >>> {command: scrollIntoView, finderType: ByValueKey, keyValueString: subTxtSplash, keyValueType: String, alignment: 0.0}
2021-02-23 12:05:35.551264 <<< {isError: false, response: {}, type: _extensionType, method: ext.flutter.driver}
2021-02-23 12:05:35.600965 >>> {command: get_text, finderType: ByValueKey, keyValueString: subTxtSplash, keyValueType: String}
2021-02-23 12:05:36.190092 <<< {isError: false, response: {text: Welcome to Shoppers Store, Let’s shop!}, type: _extensionType, method: ext.flutter.driver}
2021-02-23 12:05:36.267959 >>> {command: tap, finderType: ByValueKey, keyValueString: btnSplash, keyValueType: String}
2021-02-23 12:05:36.460952 <<< {isError: false, response: {}, type: _extensionType, method: ext.flutter.driver}
2021-02-23 12:26:37.537316 >>> {command: get_health}
2021-02-23 12:26:39.271380 <<< {isError: false, response: {status: ok}, type: _extensionType, method: ext.flutter.driver}
2021-02-23 12:26:42.332912 >>> {command: get_text, finderType: ByValueKey, keyValueString: txtSplash, keyValueType: String}
2021-02-23 12:26:42.403852 <<< {isError: false, response: {text: Shoppers Store}, type: _extensionType, method: ext.flutter.driver}
2021-02-23 12:26:42.419682 >>> {command: get_text, finderType: ByValueKey, keyValueString: txtSplash, keyValueType: String}
2021-02-23 12:26:42.448309 <<< {isError: false, response: {text: Shoppers Store}, type: _extensionType, method: ext.flutter.driver}
2021-02-23 12:26:45.482698 >>> {command: waitFor, finderType: ByValueKey, keyValueString: pageViewSplash, keyValueType: String}
2021-02-23 12:26:45.540610 <<< {isError: false, response: {}, type: _extensionType, method: ext.flutter.driver}
2021-02-23 12:26:45.563961 >>> {command: scroll, finderType: ByValueKey, keyValueString: pageViewSplash, keyValueType: String, dx: -400.0, dy: 0.0, duration: 3000000, frequency: 60}
2021-02-23 12:26:49.734736 <<< {isError: false, response: {}, type: _extensionType, method: ext.flutter.driver}
2021-02-23 12:26:49.795480 >>> {command: get_text, finderType: ByValueKey, keyValueString: subTxtSplash, keyValueType: String}
2021-02-23 12:26:50.218346 <<< {isError: false, response: {text: We help people conect with store 
around United State of America}, type: _extensionType, method: ext.flutter.driver}
2021-02-23 12:26:50.239807 >>> {command: get_text, finderType: ByValueKey, keyValueString: subTxtSplash, keyValueType: String}
2021-02-23 12:26:50.278059 <<< {isError: false, response: {text: We help people conect with store 
around United State of America}, type: _extensionType, method: ext.flutter.driver}
2021-02-23 12:26:53.380529 >>> {command: waitFor, finderType: ByValueKey, keyValueString: pageViewSplash, keyValueType: String}
2021-02-23 12:26:53.426686 <<< {isError: false, response: {}, type: _extensionType, method: ext.flutter.driver}
2021-02-23 12:26:53.451197 >>> {command: scroll, finderType: ByValueKey, keyValueString: pageViewSplash, keyValueType: String, dx: -400.0, dy: 0.0, duration: 3000000, frequency: 60}
2021-02-23 12:26:57.261155 <<< {isError: false, response: {}, type: _extensionType, method: ext.flutter.driver}
2021-02-23 12:26:57.405467 >>> {command: get_text, finderType: ByValueKey, keyValueString: subTxtSplash, keyValueType: String}
2021-02-23 12:26:58.166945 <<< {isError: false, response: {text: We show the easy way to shop. 
Just stay at home with us}, type: _extensionType, method: ext.flutter.driver}
2021-02-23 12:27:01.234074 >>> {command: waitFor, finderType: ByValueKey, keyValueString: pageViewSplash, keyValueType: String}
2021-02-23 12:27:01.429090 <<< {isError: false, response: {}, type: _extensionType, method: ext.flutter.driver}
2021-02-23 12:27:01.450248 >>> {command: scroll, finderType: ByValueKey, keyValueString: pageViewSplash, keyValueType: String, dx: -400.0, dy: 0.0, duration: 3000000, frequency: 60}
2021-02-23 12:27:05.186988 <<< {isError: false, response: {}, type: _extensionType, method: ext.flutter.driver}
2021-02-23 12:27:05.242651 >>> {command: get_text, finderType: ByValueKey, keyValueString: subTxtSplash, keyValueType: String}
2021-02-23 12:27:05.843486 <<< {isError: false, response: {text: We show the easy way to shop. 
Just stay at home with us}, type: _extensionType, method: ext.flutter.driver}
2021-02-23 12:27:05.937448 >>> {command: tap, finderType: ByValueKey, keyValueString: btnSplash, keyValueType: String}
2021-02-23 12:27:06.227257 <<< {isError: false, response: {}, type: _extensionType, method: ext.flutter.driver}
2021-02-23 12:29:42.488502 >>> {command: get_health}
2021-02-23 12:29:44.182312 <<< {isError: false, response: {status: ok}, type: _extensionType, method: ext.flutter.driver}
2021-02-23 12:29:48.362924 >>> {command: get_text, finderType: ByValueKey, keyValueString: txtSplash, keyValueType: String}
2021-02-23 12:29:48.478488 <<< {isError: false, response: {text: Shoppers Store}, type: _extensionType, method: ext.flutter.driver}
2021-02-23 12:29:48.495947 >>> {command: get_text, finderType: ByValueKey, keyValueString: txtSplash, keyValueType: String}
2021-02-23 12:29:48.523653 <<< {isError: false, response: {text: Shoppers Store}, type: _extensionType, method: ext.flutter.driver}
2021-02-23 12:29:51.588700 >>> {command: waitFor, finderType: ByValueKey, keyValueString: pageViewSplash, keyValueType: String}
2021-02-23 12:29:51.658447 <<< {isError: false, response: {}, type: _extensionType, method: ext.flutter.driver}
2021-02-23 12:29:51.677549 >>> {command: scroll, finderType: ByValueKey, keyValueString: pageViewSplash, keyValueType: String, dx: -400.0, dy: 0.0, duration: 3000000, frequency: 60}
2021-02-23 12:29:55.802482 <<< {isError: false, response: {}, type: _extensionType, method: ext.flutter.driver}
2021-02-23 12:29:55.879786 >>> {command: get_text, finderType: ByValueKey, keyValueString: subTxtSplash, keyValueType: String}
2021-02-23 12:29:56.205536 <<< {isError: false, response: {text: We help people conect with store 
around United State of America}, type: _extensionType, method: ext.flutter.driver}
2021-02-23 12:29:56.302484 >>> {command: get_text, finderType: ByValueKey, keyValueString: subTxtSplash, keyValueType: String}
2021-02-23 12:29:56.344087 <<< {isError: false, response: {text: We help people conect with store 
around United State of America}, type: _extensionType, method: ext.flutter.driver}
2021-02-23 12:29:59.464471 >>> {command: waitFor, finderType: ByValueKey, keyValueString: pageViewSplash, keyValueType: String}
2021-02-23 12:29:59.552539 <<< {isError: false, response: {}, type: _extensionType, method: ext.flutter.driver}
2021-02-23 12:29:59.570921 >>> {command: scroll, finderType: ByValueKey, keyValueString: pageViewSplash, keyValueType: String, dx: -400.0, dy: 0.0, duration: 3000000, frequency: 60}
2021-02-23 12:30:03.282588 <<< {isError: false, response: {}, type: _extensionType, method: ext.flutter.driver}
2021-02-23 12:30:03.317117 >>> {command: get_text, finderType: ByValueKey, keyValueString: subTxtSplash, keyValueType: String}
2021-02-23 12:30:03.893449 <<< {isError: false, response: {text: We show the easy way to shop. 
Just stay at home with us}, type: _extensionType, method: ext.flutter.driver}
2021-02-23 12:30:06.990982 >>> {command: waitFor, finderType: ByValueKey, keyValueString: pageViewSplash, keyValueType: String}
2021-02-23 12:30:07.094564 <<< {isError: false, response: {}, type: _extensionType, method: ext.flutter.driver}
2021-02-23 12:30:07.119862 >>> {command: scroll, finderType: ByValueKey, keyValueString: pageViewSplash, keyValueType: String, dx: -400.0, dy: 0.0, duration: 3000000, frequency: 60}
2021-02-23 12:30:10.814106 <<< {isError: false, response: {}, type: _extensionType, method: ext.flutter.driver}
2021-02-23 12:30:10.863434 >>> {command: get_text, finderType: ByValueKey, keyValueString: subTxtSplash, keyValueType: String}
2021-02-23 12:30:11.430173 <<< {isError: false, response: {text: We show the easy way to shop. 
Just stay at home with us}, type: _extensionType, method: ext.flutter.driver}
2021-02-23 12:30:11.556913 >>> {command: tap, finderType: ByValueKey, keyValueString: btnSplash, keyValueType: String}
2021-02-23 12:30:11.759366 <<< {isError: false, response: {}, type: _extensionType, method: ext.flutter.driver}
2021-02-23 12:36:56.100998 >>> {command: get_health}
2021-02-23 12:36:58.095875 <<< {isError: false, response: {status: ok}, type: _extensionType, method: ext.flutter.driver}
2021-02-23 12:37:01.140242 >>> {command: get_text, finderType: ByValueKey, keyValueString: txtSplash, keyValueType: String}
2021-02-23 12:37:01.285903 <<< {isError: false, response: {text: Shoppers Store}, type: _extensionType, method: ext.flutter.driver}
2021-02-23 12:37:01.308635 >>> {command: get_text, finderType: ByValueKey, keyValueString: txtSplash, keyValueType: String}
2021-02-23 12:37:01.337975 <<< {isError: false, response: {text: Shoppers Store}, type: _extensionType, method: ext.flutter.driver}
2021-02-23 12:37:04.362012 >>> {command: waitFor, finderType: ByValueKey, keyValueString: pageViewSplash, keyValueType: String}
2021-02-23 12:37:04.413674 <<< {isError: false, response: {}, type: _extensionType, method: ext.flutter.driver}
2021-02-23 12:37:04.436555 >>> {command: scroll, finderType: ByValueKey, keyValueString: pageViewSplash, keyValueType: String, dx: -400.0, dy: 0.0, duration: 3000000, frequency: 60}
2021-02-23 12:37:08.630826 <<< {isError: false, response: {}, type: _extensionType, method: ext.flutter.driver}
2021-02-23 12:37:08.662783 >>> {command: get_text, finderType: ByText, text: Welcome to Shoppers Store, Let’s shop!}
2021-02-23 12:37:34.462449 >>> {command: waitFor, finderType: ByValueKey, keyValueString: pageViewSplash, keyValueType: String}
2021-02-23 12:37:34.587959 <<< {isError: false, response: {}, type: _extensionType, method: ext.flutter.driver}
2021-02-23 12:37:34.612596 >>> {command: scroll, finderType: ByValueKey, keyValueString: pageViewSplash, keyValueType: String, dx: -400.0, dy: 0.0, duration: 3000000, frequency: 60}
2021-02-23 12:37:38.670767 <<< {isError: false, response: {}, type: _extensionType, method: ext.flutter.driver}
2021-02-23 12:37:38.705775 >>> {command: get_text, finderType: ByText, text: We help people conect with store 
around United State of America}
2021-02-23 12:40:39.387923 >>> {command: get_health}
2021-02-23 12:40:41.671835 <<< {isError: false, response: {status: ok}, type: _extensionType, method: ext.flutter.driver}
2021-02-23 12:40:44.758242 >>> {command: get_text, finderType: ByValueKey, keyValueString: txtSplash, keyValueType: String}
2021-02-23 12:40:44.849311 <<< {isError: false, response: {text: Shoppers Store}, type: _extensionType, method: ext.flutter.driver}
2021-02-23 12:40:44.869260 >>> {command: get_text, finderType: ByValueKey, keyValueString: txtSplash, keyValueType: String}
2021-02-23 12:40:44.899018 <<< {isError: false, response: {text: Shoppers Store}, type: _extensionType, method: ext.flutter.driver}
2021-02-23 12:40:47.950349 >>> {command: waitFor, finderType: ByValueKey, keyValueString: pageViewSplash, keyValueType: String}
2021-02-23 12:40:47.993530 <<< {isError: false, response: {}, type: _extensionType, method: ext.flutter.driver}
2021-02-23 12:40:48.017655 >>> {command: scroll, finderType: ByValueKey, keyValueString: pageViewSplash, keyValueType: String, dx: -400.0, dy: 0.0, duration: 3000000, frequency: 60}
2021-02-23 12:40:52.151057 <<< {isError: false, response: {}, type: _extensionType, method: ext.flutter.driver}
2021-02-23 12:40:52.250416 >>> {command: tap, finderType: ByValueKey, keyValueString: subTxtSplash, keyValueType: String}
2021-02-23 12:40:52.637773 <<< {isError: false, response: {}, type: _extensionType, method: ext.flutter.driver}
2021-02-23 12:40:52.703061 >>> {command: get_text, finderType: ByText, text: Welcome to Shoppers Store, Let’s shop!}
2021-02-23 12:42:07.327181 >>> {command: get_health}
2021-02-23 12:42:09.620286 <<< {isError: false, response: {status: ok}, type: _extensionType, method: ext.flutter.driver}
2021-02-23 12:42:12.728962 >>> {command: get_text, finderType: ByValueKey, keyValueString: txtSplash, keyValueType: String}
2021-02-23 12:42:12.810603 <<< {isError: false, response: {text: Shoppers Store}, type: _extensionType, method: ext.flutter.driver}
2021-02-23 12:42:12.838053 >>> {command: get_text, finderType: ByValueKey, keyValueString: txtSplash, keyValueType: String}
2021-02-23 12:42:12.883868 <<< {isError: false, response: {text: Shoppers Store}, type: _extensionType, method: ext.flutter.driver}
2021-02-23 12:42:15.934272 >>> {command: waitFor, finderType: ByValueKey, keyValueString: pageViewSplash, keyValueType: String}
2021-02-23 12:42:16.005343 <<< {isError: false, response: {}, type: _extensionType, method: ext.flutter.driver}
2021-02-23 12:42:16.030740 >>> {command: tap, finderType: ByValueKey, keyValueString: subTxtSplash, keyValueType: String}
2021-02-23 12:42:16.300672 <<< {isError: false, response: {}, type: _extensionType, method: ext.flutter.driver}
2021-02-23 12:42:16.362514 >>> {command: get_text, finderType: ByText, text: Welcome to Shoppers Store, Let’s shop!}
2021-02-23 12:42:16.434362 <<< {isError: false, response: {text: Welcome to Shoppers Store, Let’s shop!}, type: _extensionType, method: ext.flutter.driver}
2021-02-23 12:42:16.451698 >>> {command: get_text, finderType: ByValueKey, keyValueString: subTxtSplash, keyValueType: String}
2021-02-23 12:42:16.506889 <<< {isError: false, response: {text: Welcome to Shoppers Store, Let’s shop!}, type: _extensionType, method: ext.flutter.driver}
2021-02-23 12:42:19.541043 >>> {command: waitFor, finderType: ByValueKey, keyValueString: pageViewSplash, keyValueType: String}
2021-02-23 12:42:19.644822 <<< {isError: false, response: {}, type: _extensionType, method: ext.flutter.driver}
2021-02-23 12:42:19.672693 >>> {command: scroll, finderType: ByValueKey, keyValueString: pageViewSplash, keyValueType: String, dx: -400.0, dy: 0.0, duration: 3000000, frequency: 60}
2021-02-23 12:42:23.723966 <<< {isError: false, response: {}, type: _extensionType, method: ext.flutter.driver}
2021-02-23 12:42:23.819866 >>> {command: tap, finderType: ByValueKey, keyValueString: subTxtSplash, keyValueType: String}
2021-02-23 12:42:24.155541 <<< {isError: false, response: {}, type: _extensionType, method: ext.flutter.driver}
2021-02-23 12:42:24.264264 >>> {command: get_text, finderType: ByText, text: We help people conect with store 
around United State of America}
2021-02-23 12:42:24.311252 <<< {isError: false, response: {text: We help people conect with store 
around United State of America}, type: _extensionType, method: ext.flutter.driver}
2021-02-23 12:42:24.333136 >>> {command: get_text, finderType: ByValueKey, keyValueString: subTxtSplash, keyValueType: String}
2021-02-23 12:42:24.360772 <<< {isError: false, response: {text: We help people conect with store 
around United State of America}, type: _extensionType, method: ext.flutter.driver}
2021-02-23 12:42:27.384044 >>> {command: waitFor, finderType: ByValueKey, keyValueString: pageViewSplash, keyValueType: String}
2021-02-23 12:42:27.435612 <<< {isError: false, response: {}, type: _extensionType, method: ext.flutter.driver}
2021-02-23 12:42:27.458506 >>> {command: scroll, finderType: ByValueKey, keyValueString: pageViewSplash, keyValueType: String, dx: -400.0, dy: 0.0, duration: 3000000, frequency: 60}
2021-02-23 12:42:31.177133 <<< {isError: false, response: {}, type: _extensionType, method: ext.flutter.driver}
2021-02-23 12:42:31.246685 >>> {command: tap, finderType: ByValueKey, keyValueString: subTxtSplash, keyValueType: String}
2021-02-23 12:42:32.014739 <<< {isError: false, response: {}, type: _extensionType, method: ext.flutter.driver}
2021-02-23 12:42:32.092373 >>> {command: get_text, finderType: ByText, text: We show the easy way to shop. 
Just stay at home with us}
2021-02-23 12:42:32.132001 <<< {isError: false, response: {text: We show the easy way to shop. 
Just stay at home with us}, type: _extensionType, method: ext.flutter.driver}
2021-02-23 12:42:32.149117 >>> {command: get_text, finderType: ByValueKey, keyValueString: subTxtSplash, keyValueType: String}
2021-02-23 12:42:32.191143 <<< {isError: false, response: {text: We show the easy way to shop. 
Just stay at home with us}, type: _extensionType, method: ext.flutter.driver}
2021-02-23 12:42:32.225899 >>> {command: scroll, finderType: ByValueKey, keyValueString: pageViewSplash, keyValueType: String, dx: 400.0, dy: 0.0, duration: 500000, frequency: 60}
2021-02-23 12:42:32.937256 <<< {isError: false, response: {}, type: _extensionType, method: ext.flutter.driver}
2021-02-23 12:42:32.960679 >>> {command: get_text, finderType: ByText, text: We help people conect with store 
around United State of America}
2021-02-23 12:42:33.344652 <<< {isError: false, response: {text: We help people conect with store 
around United State of America}, type: _extensionType, method: ext.flutter.driver}
2021-02-23 12:42:33.406757 >>> {command: scroll, finderType: ByValueKey, keyValueString: pageViewSplash, keyValueType: String, dx: 400.0, dy: 0.0, duration: 500000, frequency: 60}
2021-02-23 12:42:34.064259 <<< {isError: false, response: {}, type: _extensionType, method: ext.flutter.driver}
2021-02-23 12:42:34.152193 >>> {command: get_text, finderType: ByText, text: Welcome to Shoppers Store, Let’s shop!}
2021-02-23 12:42:34.743470 <<< {isError: false, response: {text: Welcome to Shoppers Store, Let’s shop!}, type: _extensionType, method: ext.flutter.driver}
2021-02-23 12:42:34.777299 >>> {command: tap, finderType: ByValueKey, keyValueString: btnSplash, keyValueType: String}
2021-02-23 12:42:34.898239 <<< {isError: false, response: {}, type: _extensionType, method: ext.flutter.driver}
2021-02-23 12:45:41.393951 >>> {command: get_health}
2021-02-23 12:45:43.601182 <<< {isError: false, response: {status: ok}, type: _extensionType, method: ext.flutter.driver}
2021-02-23 12:45:46.671875 >>> {command: get_text, finderType: ByValueKey, keyValueString: txtSplash, keyValueType: String}
2021-02-23 12:45:46.846691 <<< {isError: false, response: {text: Shoppers Store}, type: _extensionType, method: ext.flutter.driver}
2021-02-23 12:45:46.872179 >>> {command: get_text, finderType: ByValueKey, keyValueString: txtSplash, keyValueType: String}
2021-02-23 12:45:46.914315 <<< {isError: false, response: {text: Shoppers Store}, type: _extensionType, method: ext.flutter.driver}
2021-02-23 12:45:49.970160 >>> {command: waitFor, finderType: ByValueKey, keyValueString: pageViewSplash, keyValueType: String}
2021-02-23 12:45:50.028069 <<< {isError: false, response: {}, type: _extensionType, method: ext.flutter.driver}
2021-02-23 12:45:50.055562 >>> {command: tap, finderType: ByValueKey, keyValueString: subTxtSplash, keyValueType: String}
2021-02-23 12:45:50.261224 <<< {isError: false, response: {}, type: _extensionType, method: ext.flutter.driver}
2021-02-23 12:45:50.343006 >>> {command: get_text, finderType: ByText, text: Welcome to Shoppers Store, Let’s shop!}
2021-02-23 12:45:50.381539 <<< {isError: false, response: {text: Welcome to Shoppers Store, Let’s shop!}, type: _extensionType, method: ext.flutter.driver}
2021-02-23 12:45:50.396656 >>> {command: get_text, finderType: ByValueKey, keyValueString: subTxtSplash, keyValueType: String}
2021-02-23 12:45:50.446590 <<< {isError: false, response: {text: Welcome to Shoppers Store, Let’s shop!}, type: _extensionType, method: ext.flutter.driver}
2021-02-23 12:45:53.485140 >>> {command: waitFor, finderType: ByValueKey, keyValueString: pageViewSplash, keyValueType: String}
2021-02-23 12:45:53.594896 <<< {isError: false, response: {}, type: _extensionType, method: ext.flutter.driver}
2021-02-23 12:45:53.634610 >>> {command: scroll, finderType: ByValueKey, keyValueString: pageViewSplash, keyValueType: String, dx: -400.0, dy: 0.0, duration: 3000000, frequency: 60}
2021-02-23 12:45:57.639561 <<< {isError: false, response: {}, type: _extensionType, method: ext.flutter.driver}
2021-02-23 12:45:57.739339 >>> {command: tap, finderType: ByValueKey, keyValueString: subTxtSplash, keyValueType: String}
2021-02-23 12:45:58.066641 <<< {isError: false, response: {}, type: _extensionType, method: ext.flutter.driver}
2021-02-23 12:45:58.172843 >>> {command: get_text, finderType: ByText, text: We help people conect with store 
around United State of America}
2021-02-23 12:45:58.249594 <<< {isError: false, response: {text: We help people conect with store 
around United State of America}, type: _extensionType, method: ext.flutter.driver}
2021-02-23 12:45:58.284728 >>> {command: get_text, finderType: ByValueKey, keyValueString: subTxtSplash, keyValueType: String}
2021-02-23 12:45:58.346132 <<< {isError: false, response: {text: We help people conect with store 
around United State of America}, type: _extensionType, method: ext.flutter.driver}
2021-02-23 12:46:01.367033 >>> {command: waitFor, finderType: ByValueKey, keyValueString: pageViewSplash, keyValueType: String}
2021-02-23 12:46:01.475905 <<< {isError: false, response: {}, type: _extensionType, method: ext.flutter.driver}
2021-02-23 12:46:01.498488 >>> {command: scroll, finderType: ByValueKey, keyValueString: pageViewSplash, keyValueType: String, dx: -400.0, dy: 0.0, duration: 3000000, frequency: 60}
2021-02-23 12:46:05.406236 <<< {isError: false, response: {}, type: _extensionType, method: ext.flutter.driver}
2021-02-23 12:46:05.491423 >>> {command: tap, finderType: ByValueKey, keyValueString: subTxtSplash, keyValueType: String}
2021-02-23 12:46:06.205050 <<< {isError: false, response: {}, type: _extensionType, method: ext.flutter.driver}
2021-02-23 12:46:06.236980 >>> {command: get_text, finderType: ByText, text: We show the easy way to shop. 
Just stay at home with us}
2021-02-23 12:46:06.270661 <<< {isError: false, response: {text: We show the easy way to shop. 
Just stay at home with us}, type: _extensionType, method: ext.flutter.driver}
2021-02-23 12:46:06.293829 >>> {command: get_text, finderType: ByValueKey, keyValueString: subTxtSplash, keyValueType: String}
2021-02-23 12:46:06.347624 <<< {isError: false, response: {text: We show the easy way to shop. 
Just stay at home with us}, type: _extensionType, method: ext.flutter.driver}
2021-02-23 12:46:06.382051 >>> {command: scroll, finderType: ByValueKey, keyValueString: pageViewSplash, keyValueType: String, dx: 400.0, dy: 0.0, duration: 500000, frequency: 60}
2021-02-23 12:46:07.015989 <<< {isError: false, response: {}, type: _extensionType, method: ext.flutter.driver}
2021-02-23 12:46:07.385161 >>> {command: get_text, finderType: ByText, text: We help people conect with store 
around United State of America}
2021-02-23 12:46:07.419402 <<< {isError: false, response: {text: We help people conect with store 
around United State of America}, type: _extensionType, method: ext.flutter.driver}
2021-02-23 12:46:07.441346 >>> {command: scroll, finderType: ByValueKey, keyValueString: pageViewSplash, keyValueType: String, dx: 400.0, dy: 0.0, duration: 500000, frequency: 60}
2021-02-23 12:46:08.077215 <<< {isError: false, response: {}, type: _extensionType, method: ext.flutter.driver}
2021-02-23 12:46:08.120018 >>> {command: get_text, finderType: ByText, text: Welcome to Shoppers Store, Let’s shop!}
2021-02-23 12:46:08.689676 <<< {isError: false, response: {text: Welcome to Shoppers Store, Let’s shop!}, type: _extensionType, method: ext.flutter.driver}
2021-02-23 12:46:08.749092 >>> {command: tap, finderType: ByValueKey, keyValueString: btnSplash, keyValueType: String}
2021-02-23 12:46:08.858327 <<< {isError: false, response: {}, type: _extensionType, method: ext.flutter.driver}
2021-02-23 13:10:17.925908 >>> {command: get_health}
2021-02-23 13:10:19.607626 <<< {isError: false, response: {status: ok}, type: _extensionType, method: ext.flutter.driver}
2021-02-23 13:10:22.734027 >>> {command: get_text, finderType: ByValueKey, keyValueString: txtSplash, keyValueType: String}
2021-02-23 13:10:22.831252 <<< {isError: false, response: {text: Shoppers Store}, type: _extensionType, method: ext.flutter.driver}
2021-02-23 13:10:22.856417 >>> {command: get_text, finderType: ByValueKey, keyValueString: txtSplash, keyValueType: String}
2021-02-23 13:10:22.888703 <<< {isError: false, response: {text: Shoppers Store}, type: _extensionType, method: ext.flutter.driver}
2021-02-23 13:10:25.932144 >>> {command: waitFor, finderType: ByValueKey, keyValueString: pageViewSplash, keyValueType: String}
2021-02-23 13:10:26.069206 <<< {isError: false, response: {}, type: _extensionType, method: ext.flutter.driver}
2021-02-23 13:10:26.096669 >>> {command: tap, finderType: ByValueKey, keyValueString: subTxtSplash, keyValueType: String}
2021-02-23 13:10:26.359225 <<< {isError: false, response: {}, type: _extensionType, method: ext.flutter.driver}
2021-02-23 13:10:26.441609 >>> {command: get_text, finderType: ByText, text: Welcome to Shoppers Store, Let’s shop!}
2021-02-23 13:10:26.562052 <<< {isError: false, response: {text: Welcome to Shoppers Store, Let’s shop!}, type: _extensionType, method: ext.flutter.driver}
2021-02-23 13:10:26.583518 >>> {command: get_text, finderType: ByValueKey, keyValueString: subTxtSplash, keyValueType: String}
2021-02-23 13:10:26.615872 <<< {isError: false, response: {text: Welcome to Shoppers Store, Let’s shop!}, type: _extensionType, method: ext.flutter.driver}
2021-02-23 13:10:29.646156 >>> {command: waitFor, finderType: ByValueKey, keyValueString: pageViewSplash, keyValueType: String}
2021-02-23 13:10:29.730319 <<< {isError: false, response: {}, type: _extensionType, method: ext.flutter.driver}
2021-02-23 13:10:29.763402 >>> {command: scroll, finderType: ByValueKey, keyValueString: pageViewSplash, keyValueType: String, dx: -400.0, dy: 0.0, duration: 3000000, frequency: 60}
2021-02-23 13:10:33.824111 <<< {isError: false, response: {}, type: _extensionType, method: ext.flutter.driver}
2021-02-23 13:10:33.866396 >>> {command: tap, finderType: ByValueKey, keyValueString: subTxtSplash, keyValueType: String}
2021-02-23 13:10:34.259837 <<< {isError: false, response: {}, type: _extensionType, method: ext.flutter.driver}
2021-02-23 13:10:34.367876 >>> {command: get_text, finderType: ByText, text: We help people conect with store 
around United State of America}
2021-02-23 13:10:34.433743 <<< {isError: false, response: {text: We help people conect with store 
around United State of America}, type: _extensionType, method: ext.flutter.driver}
2021-02-23 13:10:34.457201 >>> {command: get_text, finderType: ByValueKey, keyValueString: subTxtSplash, keyValueType: String}
2021-02-23 13:10:34.494175 <<< {isError: false, response: {text: We help people conect with store 
around United State of America}, type: _extensionType, method: ext.flutter.driver}
2021-02-23 13:10:37.524870 >>> {command: waitFor, finderType: ByValueKey, keyValueString: pageViewSplash, keyValueType: String}
2021-02-23 13:10:37.632089 <<< {isError: false, response: {}, type: _extensionType, method: ext.flutter.driver}
2021-02-23 13:10:37.649425 >>> {command: scroll, finderType: ByValueKey, keyValueString: pageViewSplash, keyValueType: String, dx: -400.0, dy: 0.0, duration: 3000000, frequency: 60}
2021-02-23 13:10:41.342898 <<< {isError: false, response: {}, type: _extensionType, method: ext.flutter.driver}
2021-02-23 13:10:41.439738 >>> {command: tap, finderType: ByValueKey, keyValueString: subTxtSplash, keyValueType: String}
2021-02-23 13:10:42.117081 <<< {isError: false, response: {}, type: _extensionType, method: ext.flutter.driver}
2021-02-23 13:10:42.208669 >>> {command: get_text, finderType: ByText, text: We show the easy way to shop. 
Just stay at home with us}
2021-02-23 13:10:42.269448 <<< {isError: false, response: {text: We show the easy way to shop. 
Just stay at home with us}, type: _extensionType, method: ext.flutter.driver}
2021-02-23 13:10:42.298402 >>> {command: get_text, finderType: ByValueKey, keyValueString: subTxtSplash, keyValueType: String}
2021-02-23 13:10:42.342021 <<< {isError: false, response: {text: We show the easy way to shop. 
Just stay at home with us}, type: _extensionType, method: ext.flutter.driver}
2021-02-23 13:10:42.374571 >>> {command: scroll, finderType: ByValueKey, keyValueString: pageViewSplash, keyValueType: String, dx: 400.0, dy: 0.0, duration: 500000, frequency: 60}
2021-02-23 13:10:43.126973 <<< {isError: false, response: {}, type: _extensionType, method: ext.flutter.driver}
2021-02-23 13:10:43.166174 >>> {command: get_text, finderType: ByText, text: We help people conect with store 
around United State of America}
2021-02-23 13:10:43.534521 <<< {isError: false, response: {text: We help people conect with store 
around United State of America}, type: _extensionType, method: ext.flutter.driver}
2021-02-23 13:10:43.622990 >>> {command: scroll, finderType: ByValueKey, keyValueString: pageViewSplash, keyValueType: String, dx: 400.0, dy: 0.0, duration: 500000, frequency: 60}
2021-02-23 13:10:44.361128 <<< {isError: false, response: {}, type: _extensionType, method: ext.flutter.driver}
2021-02-23 13:10:44.456530 >>> {command: get_text, finderType: ByText, text: Welcome to Shoppers Store, Let’s shop!}
2021-02-23 13:10:44.970736 <<< {isError: false, response: {text: Welcome to Shoppers Store, Let’s shop!}, type: _extensionType, method: ext.flutter.driver}
2021-02-23 13:10:45.060026 >>> {command: tap, finderType: ByValueKey, keyValueString: btnSplash, keyValueType: String}
2021-02-23 13:10:45.200246 <<< {isError: false, response: {}, type: _extensionType, method: ext.flutter.driver}
2021-02-23 13:17:28.965478 >>> {command: get_health}
2021-02-23 13:17:30.800696 <<< {isError: false, response: {status: ok}, type: _extensionType, method: ext.flutter.driver}
2021-02-23 13:17:33.929659 >>> {command: get_text, finderType: ByValueKey, keyValueString: txtSplash, keyValueType: String}
2021-02-23 13:17:34.036379 <<< {isError: false, response: {text: Shoppers Store}, type: _extensionType, method: ext.flutter.driver}
2021-02-23 13:17:34.056183 >>> {command: get_text, finderType: ByValueKey, keyValueString: txtSplash, keyValueType: String}
2021-02-23 13:17:34.094821 <<< {isError: false, response: {text: Shoppers Store}, type: _extensionType, method: ext.flutter.driver}
2021-02-23 13:17:37.131526 >>> {command: waitFor, finderType: ByValueKey, keyValueString: pageViewSplash, keyValueType: String}
2021-02-23 13:17:37.206646 <<< {isError: false, response: {}, type: _extensionType, method: ext.flutter.driver}
2021-02-23 13:17:37.227903 >>> {command: tap, finderType: ByValueKey, keyValueString: subTxtSplash, keyValueType: String}
2021-02-23 13:17:37.423029 <<< {isError: false, response: {}, type: _extensionType, method: ext.flutter.driver}
2021-02-23 13:17:37.459646 >>> {command: get_text, finderType: ByText, text: Welcome to Shoppers Store, Let’s shop!}
2021-02-23 13:17:37.513195 <<< {isError: false, response: {text: Welcome to Shoppers Store, Let’s shop!}, type: _extensionType, method: ext.flutter.driver}
2021-02-23 13:17:37.536350 >>> {command: get_text, finderType: ByValueKey, keyValueString: subTxtSplash, keyValueType: String}
2021-02-23 13:17:37.581585 <<< {isError: false, response: {text: Welcome to Shoppers Store, Let’s shop!}, type: _extensionType, method: ext.flutter.driver}
2021-02-23 13:17:40.610127 >>> {command: waitFor, finderType: ByValueKey, keyValueString: pageViewSplash, keyValueType: String}
2021-02-23 13:17:40.643317 <<< {isError: false, response: {}, type: _extensionType, method: ext.flutter.driver}
2021-02-23 13:17:40.662091 >>> {command: scroll, finderType: ByValueKey, keyValueString: pageViewSplash, keyValueType: String, dx: -400.0, dy: 0.0, duration: 3000000, frequency: 60}
2021-02-23 13:17:44.873188 <<< {isError: false, response: {}, type: _extensionType, method: ext.flutter.driver}
2021-02-23 13:17:44.916922 >>> {command: tap, finderType: ByValueKey, keyValueString: subTxtSplash, keyValueType: String}
2021-02-23 13:17:45.317635 <<< {isError: false, response: {}, type: _extensionType, method: ext.flutter.driver}
2021-02-23 13:17:45.351428 >>> {command: get_text, finderType: ByText, text: We help people conect with store 
around United State of America}
2021-02-23 13:17:45.403435 <<< {isError: false, response: {text: We help people conect with store 
around United State of America}, type: _extensionType, method: ext.flutter.driver}
2021-02-23 13:17:45.418720 >>> {command: get_text, finderType: ByValueKey, keyValueString: subTxtSplash, keyValueType: String}
2021-02-23 13:17:45.459187 <<< {isError: false, response: {text: We help people conect with store 
around United State of America}, type: _extensionType, method: ext.flutter.driver}
2021-02-23 13:17:48.484915 >>> {command: waitFor, finderType: ByValueKey, keyValueString: pageViewSplash, keyValueType: String}
2021-02-23 13:17:48.550777 <<< {isError: false, response: {}, type: _extensionType, method: ext.flutter.driver}
2021-02-23 13:17:48.610822 >>> {command: scroll, finderType: ByValueKey, keyValueString: pageViewSplash, keyValueType: String, dx: -400.0, dy: 0.0, duration: 3000000, frequency: 60}
2021-02-23 13:17:52.473099 <<< {isError: false, response: {}, type: _extensionType, method: ext.flutter.driver}
2021-02-23 13:17:52.577236 >>> {command: tap, finderType: ByValueKey, keyValueString: subTxtSplash, keyValueType: String}
2021-02-23 13:17:53.272176 <<< {isError: false, response: {}, type: _extensionType, method: ext.flutter.driver}
2021-02-23 13:17:53.345504 >>> {command: get_text, finderType: ByText, text: We show the easy way to shop. 
Just stay at home with us}
2021-02-23 13:17:53.384669 <<< {isError: false, response: {text: We show the easy way to shop. 
Just stay at home with us}, type: _extensionType, method: ext.flutter.driver}
2021-02-23 13:17:53.401976 >>> {command: get_text, finderType: ByValueKey, keyValueString: subTxtSplash, keyValueType: String}
2021-02-23 13:17:53.442587 <<< {isError: false, response: {text: We show the easy way to shop. 
Just stay at home with us}, type: _extensionType, method: ext.flutter.driver}
2021-02-23 13:17:53.488809 >>> {command: scroll, finderType: ByValueKey, keyValueString: pageViewSplash, keyValueType: String, dx: 400.0, dy: 0.0, duration: 500000, frequency: 60}
2021-02-23 13:17:54.248484 <<< {isError: false, response: {}, type: _extensionType, method: ext.flutter.driver}
2021-02-23 13:17:54.295313 >>> {command: get_text, finderType: ByText, text: We help people conect with store 
around United State of America}
2021-02-23 13:17:54.663920 <<< {isError: false, response: {text: We help people conect with store 
around United State of America}, type: _extensionType, method: ext.flutter.driver}
2021-02-23 13:17:54.706418 >>> {command: scroll, finderType: ByValueKey, keyValueString: pageViewSplash, keyValueType: String, dx: 400.0, dy: 0.0, duration: 500000, frequency: 60}
2021-02-23 13:17:55.379892 <<< {isError: false, response: {}, type: _extensionType, method: ext.flutter.driver}
2021-02-23 13:17:55.406943 >>> {command: get_text, finderType: ByText, text: Welcome to Shoppers Store, Let’s shop!}
2021-02-23 13:17:56.001578 <<< {isError: false, response: {text: Welcome to Shoppers Store, Let’s shop!}, type: _extensionType, method: ext.flutter.driver}
2021-02-23 13:17:56.044737 >>> {command: tap, finderType: ByValueKey, keyValueString: btnSplash, keyValueType: String}
2021-02-23 13:17:56.202793 <<< {isError: false, response: {}, type: _extensionType, method: ext.flutter.driver}
